Charm++: standalone mode (not using charmrun)
Charm++> Running in Multicore mode:  3 threads
Charm++> Using recursive bisection (scheme 3) for topology aware partitions
Converse/Charm++ Commit ID: v6.8.2-0-g26d4bd8-namd-charm-6.8.2-build-2018-Jan-11-30463
Warning> Randomization of virtual memory (ASLR) is turned on in the kernel, thread migration may not work! Run 'echo 0 > /proc/sys/kernel/randomize_va_space' as root to disable it, or try running with '+isomalloc_sync'.
CharmLB> Load balancer assumes all CPUs are same.
Charm++> Running on 1 unique compute nodes (4-way SMP).
Charm++> cpu topology info is gathered in 0.008 seconds.
Info: Built with CUDA version 9020
Did not find +devices i,j,k,... argument, using all
Pe 0 physical rank 0 will use CUDA device of pe 2
Pe 1 physical rank 1 will use CUDA device of pe 2
Pe 2 physical rank 2 binding to CUDA device 0 on me-violilab23.engin.umich.edu: 'GeForce GTX TITAN'  Mem: 6080MB  Rev: 3.5  PCI: 0:1:0
Info: NAMD 2.13b1 for Linux-x86_64-multicore-CUDA
Info: 
Info: Please visit http://www.ks.uiuc.edu/Research/namd/
Info: for updates, documentation, and support information.
Info: 
Info: Please cite Phillips et al., J. Comp. Chem. 26:1781-1802 (2005)
Info: in all publications reporting results obtained with NAMD.
Info: 
Info: Based on Charm++/Converse 60800 for multicore-linux-x86_64
Info: Built Thu Sep 13 20:49:57 EDT 2018 by desmond on me-violilab23.engin.umich.edu
Info: 1 NAMD  2.13b1  Linux-x86_64-multicore-CUDA  3    me-violilab23.engin.umich.edu  desmond
Info: Running on 3 processors, 1 nodes, 1 physical nodes.
Info: CPU topology information available.
Info: Charm++/Converse parallel runtime startup completed at 0.0141051 s
CkLoopLib is used in SMP with a simple dynamic scheduling (converse-level notification) but not using node-level queue
Info: 228.797 MB of memory in use based on /proc/self/stat
Info: Configuration file is relax.inp
Info: Working in the current directory /home/desmond/scratch/5ru-lvl0.50/2relax
TCL: Suspending until startup complete.
Warning: The following variables were set in the
Warning: configuration file but will be ignored:
Warning:    LangevinPistonTarget (LangevinPiston)
Warning:    LangevinPistonPeriod (LangevinPiston)
Warning:    LangevinPistonDecay (LangevinPiston)
Warning:    LangevinPistonTemp (LangevinPiston)
Info: EXTENDED SYSTEM FILE   ../1relax/relax.restart.xsc
Info: SIMULATION PARAMETERS:
Info: TIMESTEP               2
Info: NUMBER OF STEPS        0
Info: STEPS PER CYCLE        20
Info: PERIODIC CELL BASIS 1  55.6717 0 0
Info: PERIODIC CELL BASIS 2  0 55.6717 0
Info: PERIODIC CELL BASIS 3  0 0 185.998
Info: PERIODIC CELL CENTER   0 0 0
Info: WRAPPING WATERS AROUND PERIODIC BOUNDARIES ON OUTPUT.
Info: WRAPPING ALL CLUSTERS AROUND PERIODIC BOUNDARIES ON OUTPUT.
Info: LOAD BALANCER  Centralized
Info: LOAD BALANCING STRATEGY  New Load Balancers -- DEFAULT
Info: LDB PERIOD             4000 steps
Info: FIRST LDB TIMESTEP     100
Info: LAST LDB TIMESTEP     -1
Info: LDB BACKGROUND SCALING 1
Info: HOM BACKGROUND SCALING 1
Info: PME BACKGROUND SCALING 1
Info: MIN ATOMS PER PATCH    40
Info: INITIAL TEMPERATURE    310
Info: CENTER OF MASS MOVING INITIALLY? NO
Info: DIELECTRIC             1
Info: EXCLUDE                SCALED ONE-FOUR
Info: 1-4 ELECTROSTATICS SCALED BY 1
Info: MODIFIED 1-4 VDW PARAMETERS WILL BE USED
Info: DCD FILENAME           relax.dcd
Info: DCD FREQUENCY          5000
Info: DCD FIRST STEP         5000
Info: DCD FILE WILL CONTAIN UNIT CELL DATA
Info: XST FILENAME           relax.xst
Info: XST FREQUENCY          5000
Info: NO VELOCITY DCD OUTPUT
Info: NO FORCE DCD OUTPUT
Info: OUTPUT FILENAME        relax
Info: BINARY OUTPUT FILES WILL BE USED
Info: RESTART FILENAME       relax.restart
Info: RESTART FREQUENCY      5000
Info: BINARY RESTART FILES WILL BE USED
Info: SWITCHING ACTIVE
Info: VDW FORCE SWITCHING ACTIVE
Info: SWITCHING ON           10
Info: SWITCHING OFF          12
Info: PAIRLIST DISTANCE      16
Info: PAIRLIST SHRINK RATE   0.01
Info: PAIRLIST GROW RATE     0.01
Info: PAIRLIST TRIGGER       0.3
Info: PAIRLISTS PER CYCLE    2
Info: PAIRLISTS ENABLED
Info: MARGIN                 0
Info: HYDROGEN GROUP CUTOFF  2.5
Info: PATCH DIMENSION        18.5
Info: ENERGY OUTPUT STEPS    5000
Info: CROSSTERM ENERGY INCLUDED IN DIHEDRAL
Info: TIMING OUTPUT STEPS    5000
Info: PRESSURE OUTPUT STEPS  5000
Info: LANGEVIN DYNAMICS ACTIVE
Info: LANGEVIN TEMPERATURE   310
Info: LANGEVIN USING BBK INTEGRATOR
Info: LANGEVIN DAMPING COEFFICIENT IS 1 INVERSE PS
Info: LANGEVIN DYNAMICS NOT APPLIED TO HYDROGENS
Info: PARTICLE MESH EWALD (PME) ACTIVE
Info: PME TOLERANCE               1e-06
Info: PME EWALD COEFFICIENT       0.257952
Info: PME INTERPOLATION ORDER     4
Info: PME GRID DIMENSIONS         56 56 192
Info: PME MAXIMUM GRID SPACING    1
Info: Attempting to read FFTW data from system
Info: Attempting to read FFTW data from FFTW_NAMD_2.13b1_Linux-x86_64-multicore-CUDA_FFTW3.txt
Info: Optimizing 6 FFT steps.  1... 2... 3... 4... 5... 6...   Done.
Info: Writing FFTW data to FFTW_NAMD_2.13b1_Linux-x86_64-multicore-CUDA_FFTW3.txt
Info: FULL ELECTROSTATIC EVALUATION FREQUENCY      1
Info: USING VERLET I (r-RESPA) MTS SCHEME.
Info: C1 SPLITTING OF LONG RANGE ELECTROSTATICS
Info: PLACING ATOMS IN PATCHES BY HYDROGEN GROUPS
Info: RIGID BONDS TO HYDROGEN : ALL
Info:         ERROR TOLERANCE : 1e-08
Info:          MAX ITERATIONS : 100
Info: RIGID WATER USING SETTLE ALGORITHM
Info: RANDOM NUMBER SEED     1536886973
Info: USE HYDROGEN BONDS?    NO
Info: COORDINATE PDB         ../structure/memb_remove.pdb
Info: STRUCTURE FILE         ../structure/memb_remove.psf
Info: PARAMETER file: CHARMM format! 
Info: PARAMETERS             ../toppar/par_all36_prot.prm
Info: PARAMETERS             ../toppar/par_all36_na.prm
Info: PARAMETERS             ../toppar/par_all36_carb.prm
Info: PARAMETERS             ../toppar/par_all36_lipid.prm
Info: PARAMETERS             ../toppar/par_all36_cgenff.prm
Info: PARAMETERS             ../toppar/toppar_all36_prot_retinol.str
Info: PARAMETERS             ../toppar/toppar_all36_na_rna_modified.str
Info: PARAMETERS             ../toppar/toppar_all36_carb_glycopeptide.str
Info: PARAMETERS             ../toppar/toppar_all36_prot_fluoro_alkanes.str
Info: PARAMETERS             ../toppar/toppar_all36_prot_na_combined.str
Info: PARAMETERS             ../toppar/toppar_all36_lipid_bacterial.str
Info: PARAMETERS             ../toppar/toppar_all36_lipid_miscellaneous.str
Info: PARAMETERS             ../toppar/toppar_all36_lipid_cholesterol.str
Info: PARAMETERS             ../toppar/toppar_all36_lipid_yeast.str
Info: PARAMETERS             ../toppar/toppar_all36_lipid_sphingo.str
Info: PARAMETERS             ../toppar/toppar_all36_lipid_inositol.str
Info: PARAMETERS             ../toppar/toppar_all36_lipid_cardiolipin.str
Info: PARAMETERS             ../toppar/toppar_all36_lipid_detergent.str
Info: PARAMETERS             ../toppar/toppar_all36_lipid_lps.str
Info: PARAMETERS             ../toppar/toppar_water_ions.str
Info: PARAMETERS             ../toppar/toppar_dum_noble_gases.str
Info: PARAMETERS             ../toppar/toppar_all36_na_nad_ppi.str
Info: PARAMETERS             ../toppar/toppar_all36_carb_glycolipid.str
Info: PARAMETERS             ../toppar/toppar_all36_carb_imlab.str
Info: PARAMETERS             ../toppar/toppar_all36_prot_d_aminoacids.str
Info: PARAMETERS             ../toppar/toppar_all36_prot_heme.str
Info: PARAMETERS             ../toppar/toppar_all36_lipid_model.str
Info: PARAMETERS             ../toppar/toppar_all36_lipid_prot.str
Info: PARAMETERS             ../toppar/toppar_all36_lipid_hmmm.str
Info: USING ARITHMETIC MEAN TO COMBINE L-J SIGMA PARAMETERS
Info: BINARY COORDINATES     ../1relax/relax.restart.coor
Warning: SKIPPING PART OF PARAMETER FILE AFTER RETURN STATEMENT

Warning: DUPLICATE ANGLE ENTRY FOR CG331-CG2D1-CG331
PREVIOUS VALUES  k=55  theta0=119 k_ub=0 r_ub=0
   USING VALUES  k=48  theta0=123.5 k_ub=0 r_ub=0

Warning: DUPLICATE DIHEDRAL ENTRY FOR CG2D1-CG321-CG321-CG2D1
PREVIOUS VALUES MULTIPLICITY: 2
  k=0.9  n=1  delta=180
Warning: IDENTICAL PERIODICITY! REPLACING OLD VALUES BY: 
  k=0.14  n=1  delta=180
Warning: IDENTICAL PERIODICITY! REPLACING OLD VALUES BY: 
  k=0.05  n=3  delta=180

Warning: DUPLICATE DIHEDRAL ENTRY FOR CG331-CG2D1-CG331-HGA3
PREVIOUS VALUES MULTIPLICITY: 1
  k=0.16  n=3  delta=0
Warning: IDENTICAL PERIODICITY! REPLACING OLD VALUES BY: 
  k=0.3  n=3  delta=0

Warning: DUPLICATE ANGLE ENTRY FOR CC3153-CC321-OC30P
PREVIOUS VALUES  k=75.7  theta0=110.1 k_ub=0 r_ub=0
   USING VALUES  k=75.7  theta0=107.5 k_ub=0 r_ub=0

Warning: DUPLICATE DIHEDRAL ENTRY FOR CC321-OC30P-PC-OC2DP
PREVIOUS VALUES MULTIPLICITY: 1
  k=0.1  n=3  delta=0
Warning: IDENTICAL PERIODICITY! REPLACING OLD VALUES BY: 
  k=0.33  n=3  delta=0

Warning: DUPLICATE DIHEDRAL ENTRY FOR HCA2-CC321-OC30P-PC
PREVIOUS VALUES MULTIPLICITY: 1
  k=0  n=3  delta=0
Warning: IDENTICAL PERIODICITY! REPLACING OLD VALUES BY: 
  k=0.284  n=3  delta=0

Warning: DUPLICATE DIHEDRAL ENTRY FOR CC3153-CC321-OC30P-PC
PREVIOUS VALUES MULTIPLICITY: 3
  k=0.6  n=1  delta=180
  k=0.65  n=2  delta=0
  k=0.05  n=3  delta=0
Warning: IDENTICAL PERIODICITY! REPLACING OLD VALUES BY: 
  k=0.02  n=3  delta=180

Warning: DUPLICATE DIHEDRAL ENTRY FOR HCA1-CC3153-CC321-OC30P
PREVIOUS VALUES MULTIPLICITY: 1
  k=0.195  n=3  delta=0
INCREASING MULTIPLICITY TO: 2
  k=0  n=6  delta=180

Warning: DUPLICATE DIHEDRAL ENTRY FOR CC3151-CC3153-CC321-OC30P
PREVIOUS VALUES MULTIPLICITY: 4
  k=2.5  n=1  delta=180
  k=0.4  n=2  delta=0
  k=0.8  n=3  delta=180
Warning: IDENTICAL PERIODICITY! REPLACING OLD VALUES BY: 
  k=0.43  n=3  delta=0

Warning: DUPLICATE DIHEDRAL ENTRY FOR OC3C51-CC3153-CC321-OC30P
PREVIOUS VALUES MULTIPLICITY: 1
  k=3.4  n=1  delta=180
Warning: IDENTICAL PERIODICITY! REPLACING OLD VALUES BY: 
  k=0.06  n=1  delta=0
Info: SUMMARY OF PARAMETERS:
Info: 1259 BONDS
Info: 4144 ANGLES
Info: 11065 DIHEDRAL
Info: 282 IMPROPER
Info: 10 CROSSTERM
Info: 396 VDW
Info: 35 VDW_PAIRS
Info: 0 NBTHOLE_PAIRS
Info: TIME FOR READING PSF FILE: 6.88197
Info: Reading pdb file ../structure/memb_remove.pdb
Info: TIME FOR READING PDB FILE: 0.0547061
Info: 
Info: ****************************
Info: STRUCTURE SUMMARY:
Info: 40977 ATOMS
Info: 35682 BONDS
Info: 51617 ANGLES
Info: 69056 DIHEDRALS
Info: 480 IMPROPERS
Info: 0 CROSSTERMS
Info: 0 EXCLUSIONS
Info: 29651 RIGID BONDS
Info: 93280 DEGREES OF FREEDOM
Info: 17039 HYDROGEN GROUPS
Info: 4 ATOMS IN LARGEST HYDROGEN GROUP
Info: 17039 MIGRATION GROUPS
Info: 4 ATOMS IN LARGEST MIGRATION GROUP
Info: TOTAL MASS = 272059 amu
Info: TOTAL CHARGE = 2.58684e-05 e
Info: MASS DENSITY = 0.783692 g/cm^3
Info: ATOM DENSITY = 0.0710825 atoms/A^3
Info: *****************************
Info: Reading from binary file ../1relax/relax.restart.coor
Info: 
Info: Entering startup at 7.4244 s, 249.238 MB of memory in use
Info: Startup phase 0 took 0.00029707 s, 249.258 MB of memory in use
Info: ADDED 154579 IMPLICIT EXCLUSIONS
Info: Startup phase 1 took 0.0228291 s, 261.113 MB of memory in use
Info: NONBONDED TABLE R-SQUARED SPACING: 0.0625
Info: NONBONDED TABLE SIZE: 769 POINTS
Info: INCONSISTENCY IN FAST TABLE ENERGY VS FORCE: 0.000325096 AT 11.9556
Info: INCONSISTENCY IN SCOR TABLE ENERGY VS FORCE: 0.000324844 AT 11.9556
Info: INCONSISTENCY IN VDWA TABLE ENERGY VS FORCE: 0.0040507 AT 0.251946
Info: INCONSISTENCY IN VDWB TABLE ENERGY VS FORCE: 0.00150189 AT 0.251946
Info: Startup phase 2 took 0.00527692 s, 265.922 MB of memory in use
Info: Startup phase 3 took 7.89165e-05 s, 266.094 MB of memory in use
Info: Startup phase 4 took 0.00101209 s, 266.535 MB of memory in use
Info: Startup phase 5 took 5.19753e-05 s, 266.535 MB of memory in use
Info: PATCH GRID IS 3 (PERIODIC) BY 3 (PERIODIC) BY 10 (PERIODIC)
Info: PATCH GRID IS 1-AWAY BY 1-AWAY BY 1-AWAY
Info: REMOVING COM VELOCITY -0.0396076 -0.0135259 0.00463206
Info: LARGEST PATCH (46) HAS 743 ATOMS
Info: TORUS A SIZE 1 USING 0
Info: TORUS B SIZE 1 USING 0
Info: TORUS C SIZE 1 USING 0
Info: TORUS MINIMAL MESH SIZE IS 1 BY 1 BY 1
Info: Placed 100% of base nodes on same physical node as patch
Info: Startup phase 6 took 0.010546 s, 273.492 MB of memory in use
Info: PME using 1 x 1 x 1 pencil grid for FFT and reciprocal sum.
Info: Startup phase 7 took 0.00119209 s, 273.949 MB of memory in use
Info: Updated CUDA force table with 4096 elements.
Info: Updated CUDA LJ table with 396 x 396 elements.
Info: Startup phase 8 took 0.00294495 s, 276.359 MB of memory in use
Info: Startup phase 9 took 0.000109911 s, 276.562 MB of memory in use
Info: Startup phase 10 took 0.000292063 s, 276.562 MB of memory in use
Info: Startup phase 11 took 0.00537014 s, 277.625 MB of memory in use
LDB: Central LB being created...
Info: Startup phase 12 took 0.00120401 s, 277.855 MB of memory in use
Info: CREATING 1914 COMPUTE OBJECTS
Info: Found 316 unique exclusion lists needing 2640 bytes
Info: useSync: 0 useProxySync: 0
Info: Startup phase 13 took 0.0143018 s, 280.863 MB of memory in use
Info: Startup phase 14 took 8.51154e-05 s, 280.895 MB of memory in use
Info: Startup phase 15 took 7.29561e-05 s, 280.895 MB of memory in use
Info: Finished startup at 7.49007 s, 280.895 MB of memory in use

TCL: Running for 100000000 steps
PRESSURE: 0 -76.6433 -133.517 20.8268 -133.517 -259.008 190.209 20.8262 190.209 210.002
GPRESSURE: 0 1.47041 -50.3018 -51.3988 -181.425 -318.801 161.709 172.185 120.565 214.991
ETITLE:      TS           BOND          ANGLE          DIHED          IMPRP               ELECT            VDW       BOUNDARY           MISC        KINETIC               TOTAL           TEMP      POTENTIAL         TOTAL3        TEMPAVG            PRESSURE      GPRESSURE         VOLUME       PRESSAVG      GPRESSAVG

ENERGY:       0      4697.6024     15303.0321     18529.8779       109.3622        -110720.6033      2767.6301         0.0000         0.0000     28938.2501         -40374.8484       312.2296    -69313.0985    -40134.8632       312.2296            -41.8830       -34.1133    576471.1964       -41.8830       -34.1133

OPENING EXTENDED SYSTEM TRAJECTORY FILE
LDB: ============= START OF LOAD BALANCING ============== 7.70421
LDB: ============== END OF LOAD BALANCING =============== 7.70472
Info: useSync: 0 useProxySync: 0
LDB: =============== DONE WITH MIGRATION ================ 7.70548
LDB: ============= START OF LOAD BALANCING ============== 8.42461
LDB: Partitioning computes with target load 0.000000
LDB: Increased migratable compute count from 0 to 0
LDB: Largest unpartitionable compute is 0.000000
LDB: ============== END OF LOAD BALANCING =============== 8.42532
Info: useSync: 0 useProxySync: 0
LDB: =============== DONE WITH MIGRATION ================ 8.42617
Info: Initial time: 3 CPUs 0.00894965 s/step 0.051792 days/ns 342.82 MB memory
LDB: ============= START OF LOAD BALANCING ============== 8.58134
LDB: ============== END OF LOAD BALANCING =============== 8.58184
Info: useSync: 0 useProxySync: 0
LDB: =============== DONE WITH MIGRATION ================ 8.58267
LDB: ============= START OF LOAD BALANCING ============== 9.21482
LDB: TIME 9.21547 LOAD: AVG 0.464639 MAX 0.48764  PROXIES: TOTAL 99 MAXPE 36 MAXPATCH 2 None MEM: 342.875 MB
LDB: TIME 9.21575 LOAD: AVG 0.464639 MAX 0.48764  PROXIES: TOTAL 99 MAXPE 36 MAXPATCH 2 TorusLB MEM: 342.895 MB
LDB: ============== END OF LOAD BALANCING =============== 9.2163
Info: useSync: 0 useProxySync: 0
LDB: =============== DONE WITH MIGRATION ================ 9.217
Info: Initial time: 3 CPUs 0.00785843 s/step 0.045477 days/ns 342.898 MB memory
LDB: ============= START OF LOAD BALANCING ============== 9.9598
LDB: TIME 9.96109 LOAD: AVG 0.567237 MAX 0.601025  PROXIES: TOTAL 99 MAXPE 36 MAXPATCH 2 None MEM: 342.898 MB
LDB: TIME 9.96136 LOAD: AVG 0.567237 MAX 0.601025  PROXIES: TOTAL 99 MAXPE 36 MAXPATCH 2 RefineTorusLB MEM: 342.996 MB
LDB: TIME 9.96165 LOAD: AVG 0.567237 MAX 0.601025  PROXIES: TOTAL 99 MAXPE 36 MAXPATCH 2 RefineTorusLB MEM: 342.996 MB
LDB: ============== END OF LOAD BALANCING =============== 9.9621
Info: useSync: 0 useProxySync: 0
LDB: =============== DONE WITH MIGRATION ================ 9.96276
Info: Initial time: 3 CPUs 0.00745943 s/step 0.043168 days/ns 342.996 MB memory
LDB: ============= START OF LOAD BALANCING ============== 10.7009
LDB: TIME 10.7016 LOAD: AVG 0.567328 MAX 0.595613  PROXIES: TOTAL 99 MAXPE 36 MAXPATCH 2 None MEM: 343.465 MB
LDB: TIME 10.7018 LOAD: AVG 0.567328 MAX 0.595613  PROXIES: TOTAL 99 MAXPE 36 MAXPATCH 2 RefineTorusLB MEM: 343.465 MB
LDB: TIME 10.7021 LOAD: AVG 0.567328 MAX 0.595613  PROXIES: TOTAL 99 MAXPE 36 MAXPATCH 2 RefineTorusLB MEM: 343.465 MB
LDB: ============== END OF LOAD BALANCING =============== 10.7026
Info: useSync: 0 useProxySync: 0
LDB: =============== DONE WITH MIGRATION ================ 10.703
Info: Benchmark time: 3 CPUs 0.00733358 s/step 0.0424397 days/ns 343.465 MB memory
Info: Benchmark time: 3 CPUs 0.00804468 s/step 0.0465549 days/ns 343.465 MB memory
Info: Benchmark time: 3 CPUs 0.00810417 s/step 0.0468991 days/ns 343.465 MB memory
